This job can be monitored from: https://scruffy.c3se.chalmers.se/d/alvis-job/alvis-job?var-jobid=97061&from=1631195858000
2021-09-09 15:57:40.126303: I tensorflow/stream_executor/platform/default/dso_loader.cc:48] Successfully opened dynamic library libcudart.so.10.1
2021-09-09 15:57:42.087963: I tensorflow/stream_executor/platform/default/dso_loader.cc:48] Successfully opened dynamic library libcuda.so.1
2021-09-09 15:57:42.174479: I tensorflow/core/common_runtime/gpu/gpu_device.cc:1716] Found device 0 with properties: 
pciBusID: 0000:06:00.0 name: Tesla T4 computeCapability: 7.5
coreClock: 1.59GHz coreCount: 40 deviceMemorySize: 14.75GiB deviceMemoryBandwidth: 298.08GiB/s
2021-09-09 15:57:42.180217: I tensorflow/stream_executor/platform/default/dso_loader.cc:48] Successfully opened dynamic library libcudart.so.10.1
2021-09-09 15:57:42.187547: I tensorflow/stream_executor/platform/default/dso_loader.cc:48] Successfully opened dynamic library libcublas.so.10
2021-09-09 15:57:42.193533: I tensorflow/stream_executor/platform/default/dso_loader.cc:48] Successfully opened dynamic library libcufft.so.10
2021-09-09 15:57:42.198314: I tensorflow/stream_executor/platform/default/dso_loader.cc:48] Successfully opened dynamic library libcurand.so.10
2021-09-09 15:57:42.206041: I tensorflow/stream_executor/platform/default/dso_loader.cc:48] Successfully opened dynamic library libcusolver.so.10
2021-09-09 15:57:42.211272: I tensorflow/stream_executor/platform/default/dso_loader.cc:48] Successfully opened dynamic library libcusparse.so.10
2021-09-09 15:57:42.221172: I tensorflow/stream_executor/platform/default/dso_loader.cc:48] Successfully opened dynamic library libcudnn.so.7
2021-09-09 15:57:42.227749: I tensorflow/core/common_runtime/gpu/gpu_device.cc:1858] Adding visible gpu devices: 0
2021-09-09 15:57:53.552555: I tensorflow/core/common_runtime/gpu/gpu_device.cc:1716] Found device 0 with properties: 
pciBusID: 0000:06:00.0 name: Tesla T4 computeCapability: 7.5
coreClock: 1.59GHz coreCount: 40 deviceMemorySize: 14.75GiB deviceMemoryBandwidth: 298.08GiB/s
2021-09-09 15:57:53.596192: I tensorflow/stream_executor/platform/default/dso_loader.cc:48] Successfully opened dynamic library libcudart.so.10.1
2021-09-09 15:57:53.657826: I tensorflow/stream_executor/platform/default/dso_loader.cc:48] Successfully opened dynamic library libcublas.so.10
2021-09-09 15:57:53.662477: I tensorflow/stream_executor/platform/default/dso_loader.cc:48] Successfully opened dynamic library libcufft.so.10
2021-09-09 15:57:53.665787: I tensorflow/stream_executor/platform/default/dso_loader.cc:48] Successfully opened dynamic library libcurand.so.10
2021-09-09 15:57:53.669834: I tensorflow/stream_executor/platform/default/dso_loader.cc:48] Successfully opened dynamic library libcusolver.so.10
2021-09-09 15:57:53.680506: I tensorflow/stream_executor/platform/default/dso_loader.cc:48] Successfully opened dynamic library libcusparse.so.10
2021-09-09 15:57:53.688215: I tensorflow/stream_executor/platform/default/dso_loader.cc:48] Successfully opened dynamic library libcudnn.so.7
2021-09-09 15:57:53.700350: I tensorflow/core/common_runtime/gpu/gpu_device.cc:1858] Adding visible gpu devices: 0
2021-09-09 15:57:53.708528: I tensorflow/stream_executor/platform/default/dso_loader.cc:48] Successfully opened dynamic library libcudart.so.10.1
2021-09-09 15:57:54.191861: I tensorflow/core/common_runtime/gpu/gpu_device.cc:1257] Device interconnect StreamExecutor with strength 1 edge matrix:
2021-09-09 15:57:54.196946: I tensorflow/core/common_runtime/gpu/gpu_device.cc:1263]      0 
2021-09-09 15:57:54.200766: I tensorflow/core/common_runtime/gpu/gpu_device.cc:1276] 0:   N 
2021-09-09 15:57:54.209619: I tensorflow/core/common_runtime/gpu/gpu_device.cc:1402] Created TensorFlow device (/job:localhost/replica:0/task:0/device:GPU:0 with 14000 MB memory) -> physical GPU (device: 0, name: Tesla T4, pci bus id: 0000:06:00.0, compute capability: 7.5)
2021-09-09 15:57:54.214234: I tensorflow/core/common_runtime/process_util.cc:146] Creating new thread pool with default inter op setting: 2. Tune using inter_op_parallelism_threads for best performance.
2021-09-09 15:57:55.072681: I tensorflow/stream_executor/platform/default/dso_loader.cc:48] Successfully opened dynamic library libcublas.so.10
[PhysicalDevice(name='/physical_device:GPU:0', device_type='GPU')]
Found 60000 images belonging to 10 classes.
Model: "sequential"
_________________________________________________________________
Layer (type)                 Output Shape              Param #   
=================================================================
flatten (Flatten)            (None, 100)               0         
_________________________________________________________________
dense (Dense)                (None, 5)                 505       
_________________________________________________________________
dense_1 (Dense)              (None, 5)                 30        
_________________________________________________________________
dense_2 (Dense)              (None, 5)                 30        
_________________________________________________________________
dense_3 (Dense)              (None, 10)                60        
=================================================================
Total params: 625
Trainable params: 625
Non-trainable params: 0
_________________________________________________________________
Epoch 1/10
469/469 - 8s - loss: 2.0164 - accuracy: 0.2767
Epoch 2/10
469/469 - 8s - loss: 1.5526 - accuracy: 0.4172
Epoch 3/10
469/469 - 8s - loss: 1.4542 - accuracy: 0.4339
Epoch 4/10
469/469 - 8s - loss: 1.3204 - accuracy: 0.4929
Epoch 5/10
469/469 - 8s - loss: 1.2269 - accuracy: 0.5411
Epoch 6/10
469/469 - 8s - loss: 1.2161 - accuracy: 0.5460
Epoch 7/10
469/469 - 8s - loss: 1.2019 - accuracy: 0.5518
Epoch 8/10
469/469 - 8s - loss: 1.1960 - accuracy: 0.5612
Epoch 9/10
469/469 - 8s - loss: 1.1968 - accuracy: 0.5614
Epoch 10/10
469/469 - 8s - loss: 1.1848 - accuracy: 0.5690
