Found 469887 images belonging to 3471 classes.
Model: "sequential"
_________________________________________________________________
Layer (type)                 Output Shape              Param #   
=================================================================
conv2d (Conv2D)              (None, 8, 8, 32)          320       
_________________________________________________________________
flatten (Flatten)            (None, 2048)              0         
_________________________________________________________________
dense (Dense)                (None, 3471)              7112079   
=================================================================
Total params: 7,112,399
Trainable params: 7,112,399
Non-trainable params: 0
_________________________________________________________________
Epoch 1/10
267/267 - 157s - loss: 20.3698 - accuracy: 0.0219
Epoch 2/10
267/267 - 166s - loss: 8.0304 - accuracy: 0.0328
Epoch 3/10
267/267 - 169s - loss: 7.7819 - accuracy: 0.0461
Epoch 4/10
267/267 - 160s - loss: 7.5638 - accuracy: 0.0657
Epoch 5/10
267/267 - 148s - loss: 7.3907 - accuracy: 0.0723
Epoch 6/10
267/267 - 145s - loss: 7.1738 - accuracy: 0.0910
Epoch 7/10
267/267 - 140s - loss: 6.9649 - accuracy: 0.1077
Epoch 8/10
267/267 - 139s - loss: 6.7128 - accuracy: 0.1343
Epoch 9/10
267/267 - 136s - loss: 6.6416 - accuracy: 0.1386
Epoch 10/10
267/267 - 131s - loss: 6.5190 - accuracy: 0.1683
